<?xml version="1.0" encoding="UTF-8"?>
<!-- Generated by org.testng.reporters.JUnitReportReporter -->
<testsuite skipped="0" hostname="DESKTOP-1V2GUTV" name="FacebookPOM.FuntionalGroup.ExecuteFB" tests="4" failures="0" timestamp="2020-02-23T11:44:11 EST" time="11.811" errors="0">
  <testcase name="Homepage_execution" time="1.851" classname="FacebookPOM.FuntionalGroup.ExecuteFB"/>
  <system-out/>
  <testcase name="Homepage_execution" time="1.932" classname="FacebookPOM.FuntionalGroup.ExecuteFB"/>
  <system-out/>
  <testcase name="Secondpage_execution" time="4.388" classname="FacebookPOM.FuntionalGroup.ExecuteFB"/>
  <system-out/>
  <testcase name="Secondpage_execution" time="3.640" classname="FacebookPOM.FuntionalGroup.ExecuteFB"/>
  <system-out/>
</testsuite> <!-- FacebookPOM.FuntionalGroup.ExecuteFB -->
